HRM-TRACE: update_employee triggered at 2026-01-22T18:39:26+00:00
POST: Array
(
    [hrm_update_employee_nonce] => f92d9e0cc6
    [_wp_http_referer] => /wp-admin/admin.php?page=hrm-empleados&tab=profile&id=73
    [hrm_action] => update_employee
    [employee_id] => 73
    [anos_en_la_empresa] => 0
    [anos_totales_trabajados] => 0
    [nombre] => Eduardo
    [apellido] => Silva Arellana
    [email] => esilva@anacondaweb.com
    [telefono] => 988354382
    [fecha_nacimiento] => 2003-10-21
    [departamento] => Soporte
    [puesto] => Practicante
    [area_gerencia] => 
    [fecha_ingreso] => 2025-12-15
    [tipo_contrato] => Plazo Fijo
    [salario] => 
    [anos_acreditados_anteriores] => 0
    [hrm_new_password] => eduardo2026
    [hrm_confirm_password] => eduardo2026
    [hrm_notify_user] => 1
)


HRM-TRACE: Intento cambio pass para emp_id=73, wp_user_id=39 por usuario=1 at 2026-01-22T18:39:26+00:00
HRM-TRACE: Preparando wp_mail to=esilva@anacondaweb.com subject=[Recursos humanos] Tu acceso ha sido actualizado at 2026-01-22T18:39:26+00:00
Message: Hola Eduardo,  Usuario: 21419117-2 Contraseña: eduardo2026  Podrás iniciar sesión en: https://rrhh.anacondaweb.in/rrhh/
HRM-TRACE: update_employee triggered at 2026-01-22T18:47:15+00:00
POST: Array
(
    [hrm_update_employee_nonce] => f92d9e0cc6
    [_wp_http_referer] => /wp-admin/admin.php?page=hrm-empleados&tab=profile&id=73
    [hrm_action] => update_employee
    [employee_id] => 73
    [anos_en_la_empresa] => 0
    [anos_totales_trabajados] => 0
    [nombre] => Eduardo
    [apellido] => Silva Arellana
    [email] => esilva@anacondaweb.com
    [telefono] => 988354382
    [fecha_nacimiento] => 2003-10-21
    [departamento] => Soporte
    [puesto] => Practicante
    [area_gerencia] => 
    [fecha_ingreso] => 2025-12-15
    [tipo_contrato] => Plazo Fijo
    [salario] => 
    [anos_acreditados_anteriores] => 0
    [hrm_new_password] => Eduardo2026
    [hrm_confirm_password] => Eduardo2026
    [hrm_notify_user] => 1
)


HRM-TRACE: Intento cambio pass para emp_id=73, wp_user_id=39 por usuario=1 at 2026-01-22T18:47:15+00:00
HRM-TRACE: Preparando wp_mail to=esilva@anacondaweb.com subject=[Recursos humanos] Tu acceso ha sido actualizado at 2026-01-22T18:47:15+00:00
Message: Hola Eduardo,  Usuario: 21419117-2 Contraseña: Eduardo2026  Podrás iniciar sesión en: https://rrhh.anacondaweb.in/rrhh/
HRM-TRACE: wp_mail from=humanresources@rrhh.anacondaweb.in from_name=Recursos humanos
HRM-TRACE: wp_mail() returns: true to=esilva@anacondaweb.com at 2026-01-22T18:47:16+00:00
HRM-TRACE: update_employee triggered at 2026-01-22T19:05:07+00:00
POST: Array
(
    [hrm_update_employee_nonce] => f92d9e0cc6
    [_wp_http_referer] => /wp-admin/admin.php?page=hrm-empleados&tab=profile&id=73
    [hrm_action] => update_employee
    [employee_id] => 73
    [anos_en_la_empresa] => 0
    [anos_totales_trabajados] => 0
    [nombre] => Eduardo
    [apellido] => Silva Arellana
    [email] => esilva@anacondaweb.com
    [telefono] => 988354382
    [fecha_nacimiento] => 2003-10-21
    [departamento] => Soporte
    [puesto] => Practicante
    [area_gerencia] => 
    [fecha_ingreso] => 2025-12-15
    [tipo_contrato] => Plazo Fijo
    [salario] => 
    [anos_acreditados_anteriores] => 0
    [hrm_new_password] => Edu33827..
    [hrm_confirm_password] => Edu33827..
)


HRM-TRACE: Intento cambio pass para emp_id=73, wp_user_id=39 por usuario=1 at 2026-01-22T19:05:07+00:00
HRM-TRACE: wp_check_password returns: true for user_id=39 at 2026-01-22T19:05:07+00:00
HRM-TRACE: update_employee triggered at 2026-01-22T19:05:45+00:00
POST: Array
(
    [hrm_update_employee_nonce] => f92d9e0cc6
    [_wp_http_referer] => /wp-admin/admin.php?page=hrm-empleados&tab=profile&id=73
    [hrm_action] => update_employee
    [employee_id] => 73
    [anos_en_la_empresa] => 0
    [anos_totales_trabajados] => 0
    [nombre] => Eduardo
    [apellido] => Silva Arellana
    [email] => esilva@anacondaweb.com
    [telefono] => 988354382
    [fecha_nacimiento] => 2003-10-21
    [departamento] => Soporte
    [puesto] => Practicante
    [area_gerencia] => 
    [fecha_ingreso] => 2025-12-15
    [tipo_contrato] => Plazo Fijo
    [salario] => 
    [anos_acreditados_anteriores] => 0
    [hrm_new_password] => edu
    [hrm_confirm_password] => edu
    [hrm_notify_user] => 1
)


